[17:59:53] [ServerMain/INFO]: [bootstrap] Running Java 21 (OpenJDK 64-Bit Server VM 21.0.6+7-Ubuntu-120.04.1; Ubuntu null) on Linux 6.8.0-1021-azure (amd64)
[17:59:53] [ServerMain/INFO]: [bootstrap] Loading Paper 1.21.3-63-master@4190ee7 (2024-11-25T18:59:19Z) for Minecraft 1.21.3
[17:59:53] [ServerMain/INFO]: [PluginInitializerManager] Initializing plugins...
[17:59:53] [ServerMain/INFO]: [PluginInitializerManager] Initialized 0 plugins
[17:59:53] [Paper Plugin Remapper Thread - 1/INFO]: [ReobfServer] Remapping server...
[18:00:00] [ServerMain/INFO]: Environment: Environment[sessionHost=https://sessionserver.mojang.com, servicesHost=https://api.minecraftservices.com, name=PROD]
[18:00:00] [ServerMain/INFO]: Found new data pack file/bukkit, loading it automatically
[18:00:00] [ServerMain/INFO]: Found new data pack paper, loading it automatically
[18:00:01] [ServerMain/INFO]: No existing world data, creating new world
[18:00:02] [Paper Plugin Remapper Thread - 1/INFO]: [ReobfServer] Done remapping server in 8486ms.
[18:00:02] [ServerMain/INFO]: Loaded 1337 recipes
[18:00:02] [ServerMain/INFO]: Loaded 1448 advancements
[18:00:02] [Server thread/INFO]: Starting minecraft server version 1.21.3
[18:00:02] [Server thread/INFO]: Loading properties
[18:00:02] [Server thread/INFO]: This server is running Paper version 1.21.3-63-master@4190ee7 (2024-11-25T18:59:19Z) (Implementing API version 1.21.3-R0.1-SNAPSHOT)
[18:00:03] [Server thread/INFO]: [spark] This server bundles the spark profiler. For more information please visit https://docs.papermc.io/paper/profiling
[18:00:03] [Server thread/INFO]: Server Ping Player Sample Count: 12
[18:00:03] [Server thread/INFO]: Using 4 threads for Netty based IO
[18:00:04] [Server thread/INFO]: [MoonriseCommon] Paper is using 1 worker threads, 1 I/O threads
[18:00:04] [Server thread/INFO]: [ChunkTaskScheduler] Chunk system is using population gen parallelism: true
[18:00:04] [Server thread/INFO]: Default game type: SURVIVAL
[18:00:04] [Server thread/INFO]: Generating keypair
[18:00:04] [Server thread/INFO]: Starting Minecraft server on *:25565
[18:00:04] [Server thread/INFO]: Using epoll channel type
[18:00:04] [Server thread/INFO]: Paper: Using libdeflate (Linux x86_64) compression from Velocity.
[18:00:04] [Server thread/INFO]: Paper: Using OpenSSL 1.1.x (Linux x86_64) cipher from Velocity.
[18:00:04] [Server thread/WARN]: **** SERVER IS RUNNING IN OFFLINE/INSECURE MODE!
[18:00:04] [Server thread/WARN]: The server will make no attempt to authenticate usernames. Beware.
[18:00:04] [Server thread/WARN]: While this makes the game possible to play without internet access, it also opens up the ability for hackers to connect with any username they choose.
[18:00:04] [Server thread/WARN]: To change this, set "online-mode" to "true" in the server.properties file.
[18:00:04] [Server thread/INFO]: Preparing level "world"
[18:00:10] [Paper Common Worker #0/INFO]: [MCTypeRegistry] Initialising converters for DataConverter...
[18:00:10] [Paper Common Worker #0/INFO]: [MCTypeRegistry] Finished initialising converters for DataConverter in 253.5ms
[18:00:14] [Server thread/INFO]: Preparing start region for dimension minecraft:overworld
[18:00:14] [Server thread/INFO]: Preparing spawn area: 2%
[18:00:15] [Server thread/INFO]: Preparing spawn area: 2%
[18:00:15] [Server thread/INFO]: Preparing spawn area: 2%
[18:00:16] [Server thread/INFO]: Preparing spawn area: 18%
[18:00:16] [Server thread/INFO]: Preparing spawn area: 18%
[18:00:17] [Server thread/INFO]: Preparing spawn area: 30%
[18:00:17] [Server thread/INFO]: Preparing spawn area: 48%
[18:00:18] [Server thread/INFO]: Preparing spawn area: 51%
[18:00:18] [Server thread/INFO]: Preparing spawn area: 51%
[18:00:19] [Server thread/INFO]: Preparing spawn area: 71%
[18:00:19] [Server thread/INFO]: Time elapsed: 4662 ms
[18:00:19] [Server thread/INFO]: Preparing start region for dimension minecraft:the_nether
[18:00:19] [Server thread/INFO]: Preparing spawn area: 2%
[18:00:19] [Server thread/INFO]: Preparing spawn area: 2%
[18:00:20] [Server thread/INFO]: Preparing spawn area: 20%
[18:00:20] [Server thread/INFO]: Preparing spawn area: 61%
[18:00:21] [Server thread/INFO]: Preparing spawn area: 91%
[18:00:21] [Server thread/INFO]: Time elapsed: 2101 ms
[18:00:21] [Server thread/INFO]: Preparing start region for dimension minecraft:the_end
[18:00:21] [Server thread/INFO]: Preparing spawn area: 2%
[18:00:22] [Server thread/INFO]: Time elapsed: 497 ms
[18:00:22] [Server thread/INFO]: [spark] Starting background profiler...
[18:00:22] [Server thread/INFO]: Done preparing level "world" (17.423s)
[18:00:22] [Server thread/INFO]: Running delayed init tasks
[18:00:22] [Server thread/INFO]: Done (30.027s)! For help, type "help"
[18:00:22] [Server thread/INFO]: *************************************************************************************
[18:00:22] [Server thread/INFO]: This is the first time you're starting this server.
[18:00:22] [Server thread/INFO]: It's recommended you read our 'Getting Started' documentation for guidance.
[18:00:22] [Server thread/INFO]: View this and more helpful information here: https://docs.papermc.io/paper/next-steps
[18:00:22] [Server thread/INFO]: *************************************************************************************
[18:06:01] [Server thread/INFO]: Stopping server
[18:06:01] [Server thread/INFO]: Saving players
[18:06:01] [Server thread/INFO]: Saving worlds
[18:06:01] [Server thread/INFO]: Saving chunks for level 'ServerLevel[world]'/minecraft:overworld
[18:06:01] [Server thread/INFO]: [ChunkHolderManager] Waiting 60s for chunk system to halt for world 'world'
[18:06:01] [Server thread/INFO]: [ChunkHolderManager] Halted chunk system for world 'world'
[18:06:01] [Server thread/INFO]: [ChunkHolderManager] Saving all chunkholders for world 'world'
[18:06:02] [Server thread/INFO]: [ChunkHolderManager] Saved 798 block chunks, 0 entity chunks, 0 poi chunks in world 'world' in 0.66s
[18:06:02] [Server thread/INFO]: [ChunkHolderManager] Waiting 60s for chunk I/O to halt for world 'world'
[18:06:02] [Server thread/INFO]: [ChunkHolderManager] Halted I/O scheduler for world 'world'
[18:06:02] [Server thread/INFO]: Saving chunks for level 'ServerLevel[world_nether]'/minecraft:the_nether
[18:06:02] [Server thread/INFO]: [ChunkHolderManager] Waiting 60s for chunk system to halt for world 'world_nether'
[18:06:02] [Server thread/INFO]: [ChunkHolderManager] Halted chunk system for world 'world_nether'
[18:06:02] [Server thread/INFO]: [ChunkHolderManager] Saving all chunkholders for world 'world_nether'
[18:06:02] [Server thread/INFO]: [ChunkHolderManager] Saved 793 block chunks, 1 entity chunks, 0 poi chunks in world 'world_nether' in 0.29s
[18:06:02] [Server thread/INFO]: [ChunkHolderManager] Waiting 60s for chunk I/O to halt for world 'world_nether'
[18:06:02] [Server thread/INFO]: [ChunkHolderManager] Halted I/O scheduler for world 'world_nether'
[18:06:02] [Server thread/INFO]: Saving chunks for level 'ServerLevel[world_the_end]'/minecraft:the_end
[18:06:02] [Server thread/INFO]: [ChunkHolderManager] Waiting 60s for chunk system to halt for world 'world_the_end'
[18:06:02] [Server thread/INFO]: [ChunkHolderManager] Halted chunk system for world 'world_the_end'
[18:06:02] [Server thread/INFO]: [ChunkHolderManager] Saving all chunkholders for world 'world_the_end'
[18:06:02] [Server thread/INFO]: [ChunkHolderManager] Saved 792 block chunks, 10 entity chunks, 0 poi chunks in world 'world_the_end' in 0.24s
[18:06:02] [Server thread/INFO]: [ChunkHolderManager] Waiting 60s for chunk I/O to halt for world 'world_the_end'
[18:06:02] [Server thread/INFO]: [ChunkHolderManager] Halted I/O scheduler for world 'world_the_end'
[18:06:02] [Server thread/INFO]: ThreadedAnvilChunkStorage (world): All chunks are saved
[18:06:02] [Server thread/INFO]: ThreadedAnvilChunkStorage (DIM-1): All chunks are saved
[18:06:02] [Server thread/INFO]: ThreadedAnvilChunkStorage (DIM1): All chunks are saved
[18:06:02] [Server thread/INFO]: ThreadedAnvilChunkStorage: All dimensions are saved
[18:06:02] [Server thread/INFO]: Waiting for I/O tasks to complete...
[18:06:02] [Server thread/INFO]: All I/O tasks to complete
[18:06:02] [Server thread/INFO]: [MoonriseCommon] Awaiting termination of worker pool for up to 60s...
[18:06:02] [Server thread/INFO]: [MoonriseCommon] Awaiting termination of I/O pool for up to 60s...
